<?xml version="1.0" encoding="UTF-8"?>
<!-- Generated by org.testng.reporters.JUnitReportReporter -->
<testsuite skipped="0" hostname="SSTPR132" name="CloudBLM.GitHub.CloudBLMMaster" tests="2" failures="0" timestamp="20 Aug 2019 07:55:02 GMT" time="39.553" errors="0">
  <testcase name="WebBrowser" time="13.770" classname="CloudBLM.GitHub.CloudBLMMaster"/>
  <testcase name="Login" time="25.783" classname="CloudBLM.GitHub.CloudBLMMaster"/>
</testsuite> <!-- CloudBLM.GitHub.CloudBLMMaster -->
