<?xml version="1.0" encoding="UTF-8"?>
<!-- Generated by org.testng.reporters.JUnitReportReporter -->
<testsuite skipped="0" hostname="SSTPR043" name="CloudBLM.GitHub.CloudBLMMaster" tests="2" failures="0" timestamp="19 Aug 2019 11:47:50 GMT" time="42.689" errors="0">
  <testcase name="WebBrowser" time="17.287" classname="CloudBLM.GitHub.CloudBLMMaster"/>
  <testcase name="Login" time="25.402" classname="CloudBLM.GitHub.CloudBLMMaster"/>
</testsuite> <!-- CloudBLM.GitHub.CloudBLMMaster -->
